<?xml version="1.0" encoding="UTF-8"?>
<!-- Generated by org.testng.reporters.JUnitReportReporter -->
<testsuite skipped="0" hostname="DESKTOP-VIRBGBF" name="com.fb.test.BaicTestcase" tests="1" failures="0" timestamp="10 Feb 2022 09:25:17 GMT" time="14.769" errors="0">
  <testcase name="Auth" time="14.769" classname="com.fb.test.BaicTestcase"/>
</testsuite> <!-- com.fb.test.BaicTestcase -->
